[debug] [2019-11-07T14:30:59.062Z] ----------------------------------------------------------------------
[debug] [2019-11-07T14:30:59.065Z] Command:       C:\Program Files\nodejs\node.exe C:\Users\fob14a755\AppData\Roaming\npm\node_modules\firebase-tools\lib\bin\firebase.js login --reauth
[debug] [2019-11-07T14:30:59.065Z] CLI Version:   7.6.2
[debug] [2019-11-07T14:30:59.066Z] Platform:      win32
[debug] [2019-11-07T14:30:59.066Z] Node Version:  v12.13.0
[debug] [2019-11-07T14:30:59.067Z] Time:          Thu Nov 07 2019 15:30:59 GMT+0100 (GMT+01:00)
[debug] [2019-11-07T14:30:59.067Z] ----------------------------------------------------------------------
[debug] [2019-11-07T14:30:59.067Z] 
[info] i  Firebase optionally collects CLI usage and error reporting information to help improve our products. Data is collected in accordance with Google's privacy policy (https://policies.google.com/privacy) and is not used to identify you.

[info] 
[info] Visit this URL on this device to log in:
[info] https://accounts.google.com/o/oauth2/auth?client_id=563584335869-fgrhgmd47bqnekij5i8b5pr03ho849e6.apps.googleusercontent.com&scope=email%20openid%20https%3A%2F%2Fwww.googleapis.com%2Fauth%2Fcloudplatformprojects.readonly%20https%3A%2F%2Fwww.googleapis.com%2Fauth%2Ffirebase%20https%3A%2F%2Fwww.googleapis.com%2Fauth%2Fcloud-platform&response_type=code&state=1007267122&redirect_uri=http%3A%2F%2Flocalhost%3A9005
[info] 
[info] Waiting for authentication...
[debug] [2019-11-07T14:31:08.898Z] >>> HTTP REQUEST POST https://accounts.google.com/o/oauth2/token  

[debug] [2019-11-07T14:31:08.958Z] Token Fetch Error: FirebaseError: Server Error. getaddrinfo EAI_AGAIN accounts.google.com
    at Request._callback (C:\Users\fob14a755\AppData\Roaming\npm\node_modules\firebase-tools\lib\api.js:30:31)
    at self.callback (C:\Users\fob14a755\AppData\Roaming\npm\node_modules\firebase-tools\node_modules\request\request.js:185:22)
    at Request.emit (events.js:210:5)
    at Request.EventEmitter.emit (domain.js:476:20)
    at Request.onRequestError (C:\Users\fob14a755\AppData\Roaming\npm\node_modules\firebase-tools\node_modules\request\request.js:881:8)
    at ClientRequest.emit (events.js:210:5)
    at ClientRequest.EventEmitter.emit (domain.js:476:20)
    at TLSSocket.socketErrorListener (_http_client.js:406:9)
    at TLSSocket.emit (events.js:210:5)
    at TLSSocket.EventEmitter.emit (domain.js:476:20)
